app/build/intermediates/manifest_merge_blame_file/debug/processDebugMainManifest/manifest-merger-blame-debug-report.txt
1<?xml version="1.0" encoding="utf-8"?>
2<manifest xmlns:android="http://schemas.android.com/apk/res/android"
3    package="com.sliit.studymate"
4    android:versionCode="1"
5    android:versionName="1.0" >
6
7    <uses-sdk
8        android:minSdkVersion="24"
9        android:targetSdkVersion="36" />
10
11    <uses-permission android:name="android.permission.INTERNET" />
11-->src\main\AndroidManifest.xml:6:5-67
11-->src\main\AndroidManifest.xml:6:22-64
12
13    <permission
13-->[androidx.core:core:1.17.0] AndroidManifest.xml:22:5-24:47
14        android:name="com.sliit.studymate.DYNAMIC_RECEIVER_NOT_EXPORTED_PERMISSION"
14-->[androidx.core:core:1.17.0] AndroidManifest.xml:23:9-81
15        android:protectionLevel="signature" />
15-->[androidx.core:core:1.17.0] AndroidManifest.xml:24:9-44
16
17    <uses-permission android:name="com.sliit.studymate.DYNAMIC_RECEIVER_NOT_EXPORTED_PERMISSION" />
17-->[androidx.core:core:1.17.0] AndroidManifest.xml:26:5-97
17-->[androidx.core:core:1.17.0] AndroidManifest.xml:26:22-94
18
19    <application
19-->src\main\AndroidManifest.xml:8:5-73:15
20        android:allowBackup="true"
20-->src\main\AndroidManifest.xml:9:5-31
21        android:appComponentFactory="androidx.core.app.CoreComponentFactory"
21-->[androidx.core:core:1.17.0] AndroidManifest.xml:28:18-86
22        android:dataExtractionRules="@xml/data_extraction_rules"
22-->src\main\AndroidManifest.xml:10:5-61
23        android:debuggable="true"
24        android:extractNativeLibs="false"
25        android:fullBackupContent="@xml/backup_rules"
25-->src\main\AndroidManifest.xml:11:5-50
26        android:icon="@mipmap/ic_launcher"
26-->src\main\AndroidManifest.xml:12:5-39
27        android:label="@string/app_name"
27-->src\main\AndroidManifest.xml:13:5-37
28        android:roundIcon="@mipmap/ic_launcher_round"
28-->src\main\AndroidManifest.xml:14:5-50
29        android:supportsRtl="true"
29-->src\main\AndroidManifest.xml:15:5-31
30        android:testOnly="true"
31        android:theme="@style/Theme.StudyMate" >
31-->src\main\AndroidManifest.xml:16:5-43
32        <activity
32-->src\main\AndroidManifest.xml:19:5-27:16
33            android:name="com.sliit.studymate.SplashActivity"
33-->src\main\AndroidManifest.xml:20:9-39
34            android:exported="true"
34-->src\main\AndroidManifest.xml:21:9-32
35            android:theme="@style/Theme.AppCompat.DayNight.NoActionBar" >
35-->src\main\AndroidManifest.xml:22:9-68
36            <intent-filter>
36-->src\main\AndroidManifest.xml:23:9-26:25
37                <action android:name="android.intent.action.MAIN" />
37-->src\main\AndroidManifest.xml:24:13-65
37-->src\main\AndroidManifest.xml:24:21-62
38
39                <category android:name="android.intent.category.LAUNCHER" />
39-->src\main\AndroidManifest.xml:25:13-73
39-->src\main\AndroidManifest.xml:25:23-70
40            </intent-filter>
41        </activity>
42        <activity
42-->src\main\AndroidManifest.xml:29:5-31:36
43            android:name="com.sliit.studymate.WelcomeActivity"
43-->src\main\AndroidManifest.xml:30:9-40
44            android:exported="false" />
44-->src\main\AndroidManifest.xml:31:9-33
45        <activity
45-->src\main\AndroidManifest.xml:33:5-35:36
46            android:name="com.sliit.studymate.OnboardingActivity"
46-->src\main\AndroidManifest.xml:34:9-43
47            android:exported="false" />
47-->src\main\AndroidManifest.xml:35:9-33
48        <activity
48-->src\main\AndroidManifest.xml:37:5-39:36
49            android:name="com.sliit.studymate.SignInActivity"
49-->src\main\AndroidManifest.xml:38:9-39
50            android:exported="false" />
50-->src\main\AndroidManifest.xml:39:9-33
51        <activity
51-->src\main\AndroidManifest.xml:41:9-43:40
52            android:name="com.sliit.studymate.SignUpActivity"
52-->src\main\AndroidManifest.xml:42:13-43
53            android:exported="false" />
53-->src\main\AndroidManifest.xml:43:13-37
54        <activity
54-->src\main\AndroidManifest.xml:45:9-47:40
55            android:name="com.sliit.studymate.HomeActivity"
55-->src\main\AndroidManifest.xml:46:13-41
56            android:exported="false" />
56-->src\main\AndroidManifest.xml:47:13-37
57        <activity
57-->src\main\AndroidManifest.xml:50:9-52:40
58            android:name="com.sliit.studymate.ProfileActivity"
58-->src\main\AndroidManifest.xml:51:13-44
59            android:exported="false" />
59-->src\main\AndroidManifest.xml:52:13-37
60        <activity
60-->src\main\AndroidManifest.xml:54:9-56:40
61            android:name="com.sliit.studymate.ScheduleActivity"
61-->src\main\AndroidManifest.xml:55:13-45
62            android:exported="false" />
62-->src\main\AndroidManifest.xml:56:13-37
63        <activity
63-->src\main\AndroidManifest.xml:57:9-59:40
64            android:name="com.sliit.studymate.ChecklistActivity"
64-->src\main\AndroidManifest.xml:58:13-46
65            android:exported="false" />
65-->src\main\AndroidManifest.xml:59:13-37
66        <activity
66-->src\main\AndroidManifest.xml:61:9-63:40
67            android:name="com.sliit.studymate.AddTaskActivity"
67-->src\main\AndroidManifest.xml:62:13-44
68            android:exported="false" />
68-->src\main\AndroidManifest.xml:63:13-37
69        <activity
69-->src\main\AndroidManifest.xml:65:9-67:40
70            android:name="com.sliit.studymate.SettingsActivity"
70-->src\main\AndroidManifest.xml:66:13-45
71            android:exported="false" />
71-->src\main\AndroidManifest.xml:67:13-37
72        <activity
72-->src\main\AndroidManifest.xml:69:9-71:40
73            android:name="com.sliit.studymate.NotificationsActivity"
73-->src\main\AndroidManifest.xml:70:13-50
74            android:exported="false" />
74-->src\main\AndroidManifest.xml:71:13-37
75
76        <provider
76-->[androidx.emoji2:emoji2:1.3.0] AndroidManifest.xml:24:9-32:20
77            android:name="androidx.startup.InitializationProvider"
77-->[androidx.emoji2:emoji2:1.3.0] AndroidManifest.xml:25:13-67
78            android:authorities="com.sliit.studymate.androidx-startup"
78-->[androidx.emoji2:emoji2:1.3.0] AndroidManifest.xml:26:13-68
79            android:exported="false" >
79-->[androidx.emoji2:emoji2:1.3.0] AndroidManifest.xml:27:13-37
80            <meta-data
80-->[androidx.emoji2:emoji2:1.3.0] AndroidManifest.xml:29:13-31:52
81                android:name="androidx.emoji2.text.EmojiCompatInitializer"
81-->[androidx.emoji2:emoji2:1.3.0] AndroidManifest.xml:30:17-75
82                android:value="androidx.startup" />
82-->[androidx.emoji2:emoji2:1.3.0] AndroidManifest.xml:31:17-49
83            <meta-data
83-->[androidx.lifecycle:lifecycle-process:2.6.2] AndroidManifest.xml:29:13-31:52
84                android:name="androidx.lifecycle.ProcessLifecycleInitializer"
84-->[androidx.lifecycle:lifecycle-process:2.6.2] AndroidManifest.xml:30:17-78
85                android:value="androidx.startup" />
85-->[androidx.lifecycle:lifecycle-process:2.6.2] AndroidManifest.xml:31:17-49
86            <meta-data
86-->[androidx.profileinstaller:profileinstaller:1.4.0] AndroidManifest.xml:29:13-31:52
87                android:name="androidx.profileinstaller.ProfileInstallerInitializer"
87-->[androidx.profileinstaller:profileinstaller:1.4.0] AndroidManifest.xml:30:17-85
88                android:value="androidx.startup" />
88-->[androidx.profileinstaller:profileinstaller:1.4.0] AndroidManifest.xml:31:17-49
89        </provider>
90
91        <receiver
91-->[androidx.profileinstaller:profileinstaller:1.4.0] AndroidManifest.xml:34:9-52:20
92            android:name="androidx.profileinstaller.ProfileInstallReceiver"
92-->[androidx.profileinstaller:profileinstaller:1.4.0] AndroidManifest.xml:35:13-76
93            android:directBootAware="false"
93-->[androidx.profileinstaller:profileinstaller:1.4.0] AndroidManifest.xml:36:13-44
94            android:enabled="true"
94-->[androidx.profileinstaller:profileinstaller:1.4.0] AndroidManifest.xml:37:13-35
95            android:exported="true"
95-->[androidx.profileinstaller:profileinstaller:1.4.0] AndroidManifest.xml:38:13-36
96            android:permission="android.permission.DUMP" >
96-->[androidx.profileinstaller:profileinstaller:1.4.0] AndroidManifest.xml:39:13-57
97            <intent-filter>
97-->[androidx.profileinstaller:profileinstaller:1.4.0] AndroidManifest.xml:40:13-42:29
98                <action android:name="androidx.profileinstaller.action.INSTALL_PROFILE" />
98-->[androidx.profileinstaller:profileinstaller:1.4.0] AndroidManifest.xml:41:17-91
98-->[androidx.profileinstaller:profileinstaller:1.4.0] AndroidManifest.xml:41:25-88
99            </intent-filter>
100            <intent-filter>
100-->[androidx.profileinstaller:profileinstaller:1.4.0] AndroidManifest.xml:43:13-45:29
101                <action android:name="androidx.profileinstaller.action.SKIP_FILE" />
101-->[androidx.profileinstaller:profileinstaller:1.4.0] AndroidManifest.xml:44:17-85
101-->[androidx.profileinstaller:profileinstaller:1.4.0] AndroidManifest.xml:44:25-82
102            </intent-filter>
103            <intent-filter>
103-->[androidx.profileinstaller:profileinstaller:1.4.0] AndroidManifest.xml:46:13-48:29
104                <action android:name="androidx.profileinstaller.action.SAVE_PROFILE" />
104-->[androidx.profileinstaller:profileinstaller:1.4.0] AndroidManifest.xml:47:17-88
104-->[androidx.profileinstaller:profileinstaller:1.4.0] AndroidManifest.xml:47:25-85
105            </intent-filter>
106            <intent-filter>
106-->[androidx.profileinstaller:profileinstaller:1.4.0] AndroidManifest.xml:49:13-51:29
107                <action android:name="androidx.profileinstaller.action.BENCHMARK_OPERATION" />
107-->[androidx.profileinstaller:profileinstaller:1.4.0] AndroidManifest.xml:50:17-95
107-->[androidx.profileinstaller:profileinstaller:1.4.0] AndroidManifest.xml:50:25-92
108            </intent-filter>
109        </receiver>
110    </application>
111
112</manifest>